02-Dec-2023 19:48:43.122 정보 [main] org.apache.catalina.startup.VersionLoggerListener.log 서버 버전 이름:    Apache Tomcat/10.1.11
02-Dec-2023 19:48:43.125 정보 [main] org.apache.catalina.startup.VersionLoggerListener.log Server 빌드 시각:  Jul 6 2023 13:45:39 UTC
02-Dec-2023 19:48:43.125 정보 [main] org.apache.catalina.startup.VersionLoggerListener.log Server 버전 번호:  10.1.11.0
02-Dec-2023 19:48:43.126 정보 [main] org.apache.catalina.startup.VersionLoggerListener.log 운영체제 이름:     Windows 11
02-Dec-2023 19:48:43.126 정보 [main] org.apache.catalina.startup.VersionLoggerListener.log 운영체제 버전:     10.0
02-Dec-2023 19:48:43.126 정보 [main] org.apache.catalina.startup.VersionLoggerListener.log 아키텍처:          amd64
02-Dec-2023 19:48:43.126 정보 [main] org.apache.catalina.startup.VersionLoggerListener.log 자바 홈:           C:\Users\iser\.jdks\corretto-17.0.5
02-Dec-2023 19:48:43.126 정보 [main] org.apache.catalina.startup.VersionLoggerListener.log JVM 버전:          17.0.5+8-LTS
02-Dec-2023 19:48:43.126 정보 [main] org.apache.catalina.startup.VersionLoggerListener.log JVM 벤더:          Amazon.com Inc.
02-Dec-2023 19:48:43.126 정보 [main] org.apache.catalina.startup.VersionLoggerListener.log CATALINA_BASE:     C:\Users\iser\ThinkingDest\jsp_projects\jsp_board
02-Dec-2023 19:48:43.126 정보 [main] org.apache.catalina.startup.VersionLoggerListener.log CATALINA_HOME:     C:\Users\iser\ThinkingDest\apache-tomcat-10.1.11
02-Dec-2023 19:48:43.136 정보 [main] org.apache.catalina.startup.VersionLoggerListener.log 명령 행 아규먼트:  --add-opens=java.base/java.lang=ALL-UNNAMED
02-Dec-2023 19:48:43.136 정보 [main] org.apache.catalina.startup.VersionLoggerListener.log 명령 행 아규먼트:  --add-opens=java.base/java.io=ALL-UNNAMED
02-Dec-2023 19:48:43.137 정보 [main] org.apache.catalina.startup.VersionLoggerListener.log 명령 행 아규먼트:  --add-opens=java.base/java.util=ALL-UNNAMED
02-Dec-2023 19:48:43.137 정보 [main] org.apache.catalina.startup.VersionLoggerListener.log 명령 행 아규먼트:  --add-opens=java.base/java.util.concurrent=ALL-UNNAMED
02-Dec-2023 19:48:43.137 정보 [main] org.apache.catalina.startup.VersionLoggerListener.log 명령 행 아규먼트:  --add-opens=java.rmi/sun.rmi.transport=ALL-UNNAMED
02-Dec-2023 19:48:43.137 정보 [main] org.apache.catalina.startup.VersionLoggerListener.log 명령 행 아규먼트:  -Dcatalina.home=C:\Users\iser\ThinkingDest\apache-tomcat-10.1.11
02-Dec-2023 19:48:43.137 정보 [main] org.apache.catalina.startup.VersionLoggerListener.log 명령 행 아규먼트:  -Dcatalina.base=C:\Users\iser\ThinkingDest\jsp_projects\jsp_board
02-Dec-2023 19:48:43.138 정보 [main] org.apache.catalina.startup.VersionLoggerListener.log 명령 행 아규먼트:  -Djava.io.tmpdir=C:\Users\iser\ThinkingDest\jsp_projects\jsp_board\temp
02-Dec-2023 19:48:43.138 정보 [main] org.apache.catalina.startup.VersionLoggerListener.log 명령 행 아규먼트:  -Djava.util.logging.config.file=C:\Users\iser\ThinkingDest\jsp_projects\jsp_board\conf\logging.properties
02-Dec-2023 19:48:43.138 정보 [main] org.apache.catalina.startup.VersionLoggerListener.log 명령 행 아규먼트:  -Djava.util.logging.manager=org.apache.juli.ClassLoaderLogManager
02-Dec-2023 19:48:43.139 정보 [main] org.apache.catalina.startup.VersionLoggerListener.log 명령 행 아규먼트:  -javaagent:C:\Program Files\JetBrains\IntelliJ IDEA 2022.2.3\lib\idea_rt.jar=51000:C:\Program Files\JetBrains\IntelliJ IDEA 2022.2.3\bin
02-Dec-2023 19:48:43.139 정보 [main] org.apache.catalina.startup.VersionLoggerListener.log 명령 행 아규먼트:  -Dfile.encoding=UTF-8
02-Dec-2023 19:48:43.147 정보 [main] org.apache.catalina.core.AprLifecycleListener.lifecycleEvent 프로덕션 환경들에서 최적의 성능을 제공하는, APR 기반 Apache Tomcat Native 라이브러리가, 다음 java.library.path에서 발견되지 않습니다: [C:\Users\iser\.jdks\corretto-17.0.5\bin;C:\WINDOWS\Sun\Java\bin;C:\WINDOWS\system32;C:\WINDOWS;C:\app\iser\product\21c\dbhomeXE\bin;C:\Program Files\Eclipse Adoptium\jdk-11.0.16.101-hotspot\bin;C:\Windows\system32;C:\Windows;C:\Windows\System32\Wbem;C:\Windows\System32\WindowsPowerShell\v1.0\;C:\Windows\System32\OpenSSH\;C:\Program Files (x86)\NVIDIA Corporation\PhysX\Common;C:\Program Files\NVIDIA Corporation\NVIDIA NvDLISR;C:\Program Files\Bandizip\;C:\Program Files (x86)\Common Files\Propellerhead Software\ReWire\;C:\Program Files\Common Files\Propellerhead Software\ReWire\;D:\Bandizip\;C:\Program Files\Git\cmd;C:\MinGW\bin;C:\WINDOWS\system32;C:\WINDOWS;C:\WINDOWS\System32\Wbem;C:\WINDOWS\System32\WindowsPowerShell\v1.0\;C:\WINDOWS\System32\OpenSSH\;C:\Program Files\nodejs\;C:\Program Files\Docker\Docker\resources\bin;C:\Program Files (x86)\NetSarang\Xshell 7\;C:\Program Files\MongoDB\Server\4.2\bin;C:\Users\iser\AppData\Local\Programs\Python\Python311\Scripts\;C:\Users\iser\AppData\Local\Programs\Python\Python311\;C:\Ruby31-x64\bin;C:\Users\iser\AppData\Local\Microsoft\WindowsApps;C:\Program Files\JetBrains\IntelliJ IDEA Community Edition 2022.2.2\bin;;C:\Users\iser\AppData\Local\Programs\Microsoft VS Code\bin;C:\Users\iser\AppData\Local\GitHubDesktop\bin;C:\Users\iser\AppData\Roaming\npm;C:\Program Files\nodejs;;C:\Program Files (x86)\ESTsoft\ALSee\x64;.]
02-Dec-2023 19:48:43.290 정보 [main] org.apache.coyote.AbstractProtocol.init 프로토콜 핸들러 ["http-nio-8080"]을(를) 초기화합니다.
02-Dec-2023 19:48:43.305 정보 [main] org.apache.catalina.startup.Catalina.load [351] 밀리초 내에 서버가 초기화되었습니다.
02-Dec-2023 19:48:43.362 정보 [main] org.apache.catalina.core.StandardService.startInternal 서비스 [Catalina]을(를) 시작합니다.
02-Dec-2023 19:48:43.363 정보 [main] org.apache.catalina.core.StandardEngine.startInternal 서버 엔진을 시작합니다: [Apache Tomcat/10.1.11]
02-Dec-2023 19:48:43.374 정보 [main] org.apache.catalina.startup.HostConfig.deployDescriptor 배치 descriptor [C:\Users\iser\ThinkingDest\jsp_projects\jsp_board\conf\Catalina\localhost\ROOT.xml]을(를) 배치합니다.
02-Dec-2023 19:48:44.932 정보 [main] org.apache.catalina.startup.HostConfig.deployDescriptor 배치 descriptor [C:\Users\iser\ThinkingDest\jsp_projects\jsp_board\conf\Catalina\localhost\ROOT.xml]의 배치가 [1,556] 밀리초 내에 완료되었습니다.
02-Dec-2023 19:48:44.935 정보 [main] org.apache.coyote.AbstractProtocol.start 프로토콜 핸들러 ["http-nio-8080"]을(를) 시작합니다.
02-Dec-2023 19:48:44.963 정보 [main] org.apache.catalina.startup.Catalina.start 서버가 [1658] 밀리초 내에 시작되었습니다.
